<?xml version="1.0" encoding="UTF-8"?>
<testng-results ignored="0" total="1" passed="1" failed="0" skipped="0">
  <reporter-output>
  </reporter-output>
  <suite started-at="2021-06-17T18:34:38 IST" name="Default suite" finished-at="2021-06-17T18:35:15 IST" duration-ms="36553">
    <groups>
    </groups>
    <test started-at="2021-06-17T18:34:38 IST" name="Default test" finished-at="2021-06-17T18:35:15 IST" duration-ms="36553">
      <class name="testNG_Forms.SelectButton">
        <test-method is-config="true" signature="beforegetattributesofname()[pri:0, instance:testNG_Forms.SelectButton@793be5ca]" started-at="2021-06-17T18:34:39 IST" name="beforegetattributesofname" finished-at="2021-06-17T18:34:49 IST" duration-ms="10333" status="PASS">
          <reporter-output>
          </reporter-output>
        </test-method> <!-- beforegetattributesofname -->
        <test-method signature="selectmethod()[pri:0, instance:testNG_Forms.SelectButton@793be5ca]" started-at="2021-06-17T18:34:49 IST" name="selectmethod" finished-at="2021-06-17T18:35:14 IST" duration-ms="25368" status="PASS">
          <reporter-output>
          </reporter-output>
        </test-method> <!-- selectmethod -->
        <test-method is-config="true" signature="Aftergetattributes()[pri:0, instance:testNG_Forms.SelectButton@793be5ca]" started-at="2021-06-17T18:35:14 IST" name="Aftergetattributes" finished-at="2021-06-17T18:35:15 IST" duration-ms="782" status="PASS">
          <reporter-output>
          </reporter-output>
        </test-method> <!-- Aftergetattributes -->
      </class> <!-- testNG_Forms.SelectButton -->
    </test> <!-- Default test -->
  </suite> <!-- Default suite -->
</testng-results>
